The system is: Linux - 5.15.0-130-generic - x86_64
Compiling the CXX compiler identification source file "CMakeCXXCompilerId.cpp" succeeded.
Compiler: /usr/bin/clang++ 
Build flags: -O2
Id flags:  

The output was:
0


Compilation of the CXX compiler identification source "CMakeCXXCompilerId.cpp" produced "a.out"

The CXX compiler identification is Clang, found in "/home/y.basova/parallelki/sem2/build/CMakeFiles/3.22.1/CompilerIdCXX/a.out"

Detecting CXX compiler ABI info compiled with the following output:
Change Dir: /home/y.basova/parallelki/sem2/build/CMakeFiles/CMakeTmp

Run Build Command(s):/usr/bin/gmake -f Makefile cmTC_1ea7f/fast && /usr/bin/gmake  -f CMakeFiles/cmTC_1ea7f.dir/build.make CMakeFiles/cmTC_1ea7f.dir/build
gmake[1]: Entering directory '/home/y.basova/parallelki/sem2/build/CMakeFiles/CMakeTmp'
Building CXX object CMakeFiles/cmTC_1ea7f.dir/CMakeCXXCompilerABI.cpp.o
/usr/bin/clang++   -O2    -v -MD -MT CMakeFiles/cmTC_1ea7f.dir/CMakeCXXCompilerABI.cpp.o -MF CMakeFiles/cmTC_1ea7f.dir/CMakeCXXCompilerABI.cpp.o.d -o CMakeFiles/cmTC_1ea7f.dir/CMakeCXXCompilerABI.cpp.o -c /usr/share/cmake-3.22/Modules/CMakeCXXCompilerABI.cpp
Ubuntu clang version 14.0.0-1ubuntu1.1
Target: x86_64-pc-linux-gnu
Thread model: posix
InstalledDir: /usr/bin
Found candidate GCC installation: /usr/bin/../lib/gcc/x86_64-linux-gnu/11
Found candidate GCC installation: /usr/bin/../lib/gcc/x86_64-linux-gnu/13
Selected GCC installation: /usr/bin/../lib/gcc/x86_64-linux-gnu/13
Candidate multilib: .;@m64
Selected multilib: .;@m64
Found CUDA installation: /opt/nvidia/hpc_sdk/Linux_x86_64/23.11/cuda/12.3, version 
 (in-process)
 "/usr/lib/llvm-14/bin/clang" -cc1 -triple x86_64-pc-linux-gnu -emit-obj --mrelax-relocations -disable-free -clear-ast-before-backend -disable-llvm-verifier -discard-value-names -main-file-name CMakeCXXCompilerABI.cpp -mrelocation-model pic -pic-level 2 -pic-is-pie -mframe-pointer=none -fmath-errno -ffp-contract=on -fno-rounding-math -mconstructor-aliases -funwind-tables=2 -target-cpu x86-64 -tune-cpu generic -mllvm -treat-scalable-fixed-error-as-warning -debugger-tuning=gdb -v -fcoverage-compilation-dir=/home/y.basova/parallelki/sem2/build/CMakeFiles/CMakeTmp -resource-dir /usr/lib/llvm-14/lib/clang/14.0.0 -dependency-file CMakeFiles/cmTC_1ea7f.dir/CMakeCXXCompilerABI.cpp.o.d -MT CMakeFiles/cmTC_1ea7f.dir/CMakeCXXCompilerABI.cpp.o -sys-header-deps -I/opt/nvidia/hpc_sdk/Linux_x86_64/23.11/compilers/extras/qd/include/qd -I/opt/nvidia/hpc_sdk/Linux_x86_64/23.11/comm_libs/nvshmem/include -I/opt/nvidia/hpc_sdk/Linux_x86_64/23.11/comm_libs/nccl/include -I/opt/nvidia/hpc_sdk/Linux_x86_64/23.11/math_libs/include -I/usr/local/pmix/include -I/usr/local/knem/include -I/usr/local/gdrcopy/include -I/usr/local/pmix/include -I/usr/local/knem/include -I/usr/local/gdrcopy/include -I/usr/local/pmix/include -I/usr/local/knem/include -I/usr/local/gdrcopy/include -I/usr/local/pmix/include -I/usr/local/knem/include -I/usr/local/gdrcopy/include -I. -I. -internal-isystem /usr/bin/../lib/gcc/x86_64-linux-gnu/13/../../../../include/c++/13 -internal-isystem /usr/bin/../lib/gcc/x86_64-linux-gnu/13/../../../../include/x86_64-linux-gnu/c++/13 -internal-isystem /usr/bin/../lib/gcc/x86_64-linux-gnu/13/../../../../include/c++/13/backward -internal-isystem /usr/lib/llvm-14/lib/clang/14.0.0/include -internal-isystem /usr/local/include -internal-isystem /usr/bin/../lib/gcc/x86_64-linux-gnu/13/../../../../x86_64-linux-gnu/include -internal-externc-isystem /usr/include/x86_64-linux-gnu -internal-externc-isystem /include -internal-externc-isystem /usr/include -O2 -fdeprecated-macro -fdebug-compilation-dir=/home/y.basova/parallelki/sem2/build/CMakeFiles/CMakeTmp -ferror-limit 19 -fgnuc-version=4.2.1 -fcxx-exceptions -fexceptions -vectorize-loops -vectorize-slp -faddrsig -D__GCC_HAVE_DWARF2_CFI_ASM=1 -o CMakeFiles/cmTC_1ea7f.dir/CMakeCXXCompilerABI.cpp.o -x c++ /usr/share/cmake-3.22/Modules/CMakeCXXCompilerABI.cpp
clang -cc1 version 14.0.0 based upon LLVM 14.0.0 default target x86_64-pc-linux-gnu
ignoring nonexistent directory "/usr/bin/../lib/gcc/x86_64-linux-gnu/13/../../../../x86_64-linux-gnu/include"
ignoring nonexistent directory "/include"
ignoring duplicate directory "/usr/local/pmix/include"
ignoring duplicate directory "/usr/local/knem/include"
ignoring duplicate directory "/usr/local/gdrcopy/include"
ignoring duplicate directory "/usr/local/pmix/include"
ignoring duplicate directory "/usr/local/knem/include"
ignoring duplicate directory "/usr/local/gdrcopy/include"
ignoring duplicate directory "/usr/local/pmix/include"
ignoring duplicate directory "/usr/local/knem/include"
ignoring duplicate directory "/usr/local/gdrcopy/include"
ignoring duplicate directory "."
#include "..." search starts here:
#include <...> search starts here:
 /opt/nvidia/hpc_sdk/Linux_x86_64/23.11/compilers/extras/qd/include/qd
 /opt/nvidia/hpc_sdk/Linux_x86_64/23.11/comm_libs/nvshmem/include
 /opt/nvidia/hpc_sdk/Linux_x86_64/23.11/comm_libs/nccl/include
 /opt/nvidia/hpc_sdk/Linux_x86_64/23.11/math_libs/include
 /usr/local/pmix/include
 /usr/local/knem/include
 /usr/local/gdrcopy/include
 .
 /usr/bin/../lib/gcc/x86_64-linux-gnu/13/../../../../include/c++/13
 /usr/bin/../lib/gcc/x86_64-linux-gnu/13/../../../../include/x86_64-linux-gnu/c++/13
 /usr/bin/../lib/gcc/x86_64-linux-gnu/13/../../../../include/c++/13/backward
 /usr/lib/llvm-14/lib/clang/14.0.0/include
 /usr/local/include
 /usr/include/x86_64-linux-gnu
 /usr/include
End of search list.
Linking CXX executable cmTC_1ea7f
/usr/bin/cmake -E cmake_link_script CMakeFiles/cmTC_1ea7f.dir/link.txt --verbose=1
/usr/bin/clang++ -O2   -v CMakeFiles/cmTC_1ea7f.dir/CMakeCXXCompilerABI.cpp.o -o cmTC_1ea7f 
Ubuntu clang version 14.0.0-1ubuntu1.1
Target: x86_64-pc-linux-gnu
Thread model: posix
InstalledDir: /usr/bin
Found candidate GCC installation: /usr/bin/../lib/gcc/x86_64-linux-gnu/11
Found candidate GCC installation: /usr/bin/../lib/gcc/x86_64-linux-gnu/13
Selected GCC installation: /usr/bin/../lib/gcc/x86_64-linux-gnu/13
Candidate multilib: .;@m64
Selected multilib: .;@m64
Found CUDA installation: /opt/nvidia/hpc_sdk/Linux_x86_64/23.11/cuda/12.3, version 
 "/usr/bin/ld" -pie -z relro --hash-style=gnu --build-id --eh-frame-hdr -m elf_x86_64 -dynamic-linker /lib64/ld-linux-x86-64.so.2 -o cmTC_1ea7f /lib/x86_64-linux-gnu/Scrt1.o /lib/x86_64-linux-gnu/crti.o /usr/bin/../lib/gcc/x86_64-linux-gnu/13/crtbeginS.o -L/usr/bin/../lib/gcc/x86_64-linux-gnu/13 -L/usr/bin/../lib/gcc/x86_64-linux-gnu/13/../../../../lib64 -L/lib/x86_64-linux-gnu -L/lib/../lib64 -L/usr/lib/x86_64-linux-gnu -L/usr/lib/../lib64 -L/usr/lib/llvm-14/bin/../lib -L/lib -L/usr/lib -L/usr/local/gdrcopy/lib64 -L/usr/local/gdrcopy/lib64 -L/usr/local/gdrcopy/lib64 -L/usr/local/gdrcopy/lib64 -L. CMakeFiles/cmTC_1ea7f.dir/CMakeCXXCompilerABI.cpp.o -lstdc++ -lm -lgcc_s -lgcc -lc -lgcc_s -lgcc /usr/bin/../lib/gcc/x86_64-linux-gnu/13/crtendS.o /lib/x86_64-linux-gnu/crtn.o
gmake[1]: Leaving directory '/home/y.basova/parallelki/sem2/build/CMakeFiles/CMakeTmp'



Parsed CXX implicit include dir info from above output: rv=done
  found start of include info
  found start of implicit include info
    add: [/opt/nvidia/hpc_sdk/Linux_x86_64/23.11/compilers/extras/qd/include/qd]
    add: [/opt/nvidia/hpc_sdk/Linux_x86_64/23.11/comm_libs/nvshmem/include]
    add: [/opt/nvidia/hpc_sdk/Linux_x86_64/23.11/comm_libs/nccl/include]
    add: [/opt/nvidia/hpc_sdk/Linux_x86_64/23.11/math_libs/include]
    add: [/usr/local/pmix/include]
    add: [/usr/local/knem/include]
    add: [/usr/local/gdrcopy/include]
    add: [.]
    add: [/usr/bin/../lib/gcc/x86_64-linux-gnu/13/../../../../include/c++/13]
    add: [/usr/bin/../lib/gcc/x86_64-linux-gnu/13/../../../../include/x86_64-linux-gnu/c++/13]
    add: [/usr/bin/../lib/gcc/x86_64-linux-gnu/13/../../../../include/c++/13/backward]
    add: [/usr/lib/llvm-14/lib/clang/14.0.0/include]
    add: [/usr/local/include]
    add: [/usr/include/x86_64-linux-gnu]
    add: [/usr/include]
  end of search list found
  collapse include dir [/opt/nvidia/hpc_sdk/Linux_x86_64/23.11/compilers/extras/qd/include/qd] ==> [/opt/nvidia/hpc_sdk/Linux_x86_64/23.11/compilers/extras/qd/include/qd]
  collapse include dir [/opt/nvidia/hpc_sdk/Linux_x86_64/23.11/comm_libs/nvshmem/include] ==> [/opt/nvidia/hpc_sdk/Linux_x86_64/23.11/comm_libs/nvshmem/include]
  collapse include dir [/opt/nvidia/hpc_sdk/Linux_x86_64/23.11/comm_libs/nccl/include] ==> [/opt/nvidia/hpc_sdk/Linux_x86_64/23.11/comm_libs/nccl/include]
  collapse include dir [/opt/nvidia/hpc_sdk/Linux_x86_64/23.11/math_libs/include] ==> [/opt/nvidia/hpc_sdk/Linux_x86_64/23.11/math_libs/include]
  collapse include dir [/usr/local/pmix/include] ==> [/usr/local/pmix/include]
  collapse include dir [/usr/local/knem/include] ==> [/usr/local/knem/include]
  collapse include dir [/usr/local/gdrcopy/include] ==> [/usr/local/gdrcopy/include]
  skipping relative include dir [.]
  collapse include dir [/usr/bin/../lib/gcc/x86_64-linux-gnu/13/../../../../include/c++/13] ==> [/usr/include/c++/13]
  collapse include dir [/usr/bin/../lib/gcc/x86_64-linux-gnu/13/../../../../include/x86_64-linux-gnu/c++/13] ==> [/usr/include/x86_64-linux-gnu/c++/13]
  collapse include dir [/usr/bin/../lib/gcc/x86_64-linux-gnu/13/../../../../include/c++/13/backward] ==> [/usr/include/c++/13/backward]
  collapse include dir [/usr/lib/llvm-14/lib/clang/14.0.0/include] ==> [/usr/lib/llvm-14/lib/clang/14.0.0/include]
  collapse include dir [/usr/local/include] ==> [/usr/local/include]
  collapse include dir [/usr/include/x86_64-linux-gnu] ==> [/usr/include/x86_64-linux-gnu]
  collapse include dir [/usr/include] ==> [/usr/include]
  implicit include dirs: [/opt/nvidia/hpc_sdk/Linux_x86_64/23.11/compilers/extras/qd/include/qd;/opt/nvidia/hpc_sdk/Linux_x86_64/23.11/comm_libs/nvshmem/include;/opt/nvidia/hpc_sdk/Linux_x86_64/23.11/comm_libs/nccl/include;/opt/nvidia/hpc_sdk/Linux_x86_64/23.11/math_libs/include;/usr/local/pmix/include;/usr/local/knem/include;/usr/local/gdrcopy/include;/usr/include/c++/13;/usr/include/x86_64-linux-gnu/c++/13;/usr/include/c++/13/backward;/usr/lib/llvm-14/lib/clang/14.0.0/include;/usr/local/include;/usr/include/x86_64-linux-gnu;/usr/include]


Parsed CXX implicit link information from above output:
  link line regex: [^( *|.*[/\])(ld|CMAKE_LINK_STARTFILE-NOTFOUND|([^/\]+-)?ld|collect2)[^/\]*( |$)]
  ignore line: [Change Dir: /home/y.basova/parallelki/sem2/build/CMakeFiles/CMakeTmp]
  ignore line: []
  ignore line: [Run Build Command(s):/usr/bin/gmake -f Makefile cmTC_1ea7f/fast && /usr/bin/gmake  -f CMakeFiles/cmTC_1ea7f.dir/build.make CMakeFiles/cmTC_1ea7f.dir/build]
  ignore line: [gmake[1]: Entering directory '/home/y.basova/parallelki/sem2/build/CMakeFiles/CMakeTmp']
  ignore line: [Building CXX object CMakeFiles/cmTC_1ea7f.dir/CMakeCXXCompilerABI.cpp.o]
  ignore line: [/usr/bin/clang++   -O2    -v -MD -MT CMakeFiles/cmTC_1ea7f.dir/CMakeCXXCompilerABI.cpp.o -MF CMakeFiles/cmTC_1ea7f.dir/CMakeCXXCompilerABI.cpp.o.d -o CMakeFiles/cmTC_1ea7f.dir/CMakeCXXCompilerABI.cpp.o -c /usr/share/cmake-3.22/Modules/CMakeCXXCompilerABI.cpp]
  ignore line: [Ubuntu clang version 14.0.0-1ubuntu1.1]
  ignore line: [Target: x86_64-pc-linux-gnu]
  ignore line: [Thread model: posix]
  ignore line: [InstalledDir: /usr/bin]
  ignore line: [Found candidate GCC installation: /usr/bin/../lib/gcc/x86_64-linux-gnu/11]
  ignore line: [Found candidate GCC installation: /usr/bin/../lib/gcc/x86_64-linux-gnu/13]
  ignore line: [Selected GCC installation: /usr/bin/../lib/gcc/x86_64-linux-gnu/13]
  ignore line: [Candidate multilib: .]
  ignore line: [@m64]
  ignore line: [Selected multilib: .]
  ignore line: [@m64]
  ignore line: [Found CUDA installation: /opt/nvidia/hpc_sdk/Linux_x86_64/23.11/cuda/12.3  version ]
  ignore line: [ (in-process)]
  ignore line: [ "/usr/lib/llvm-14/bin/clang" -cc1 -triple x86_64-pc-linux-gnu -emit-obj --mrelax-relocations -disable-free -clear-ast-before-backend -disable-llvm-verifier -discard-value-names -main-file-name CMakeCXXCompilerABI.cpp -mrelocation-model pic -pic-level 2 -pic-is-pie -mframe-pointer=none -fmath-errno -ffp-contract=on -fno-rounding-math -mconstructor-aliases -funwind-tables=2 -target-cpu x86-64 -tune-cpu generic -mllvm -treat-scalable-fixed-error-as-warning -debugger-tuning=gdb -v -fcoverage-compilation-dir=/home/y.basova/parallelki/sem2/build/CMakeFiles/CMakeTmp -resource-dir /usr/lib/llvm-14/lib/clang/14.0.0 -dependency-file CMakeFiles/cmTC_1ea7f.dir/CMakeCXXCompilerABI.cpp.o.d -MT CMakeFiles/cmTC_1ea7f.dir/CMakeCXXCompilerABI.cpp.o -sys-header-deps -I/opt/nvidia/hpc_sdk/Linux_x86_64/23.11/compilers/extras/qd/include/qd -I/opt/nvidia/hpc_sdk/Linux_x86_64/23.11/comm_libs/nvshmem/include -I/opt/nvidia/hpc_sdk/Linux_x86_64/23.11/comm_libs/nccl/include -I/opt/nvidia/hpc_sdk/Linux_x86_64/23.11/math_libs/include -I/usr/local/pmix/include -I/usr/local/knem/include -I/usr/local/gdrcopy/include -I/usr/local/pmix/include -I/usr/local/knem/include -I/usr/local/gdrcopy/include -I/usr/local/pmix/include -I/usr/local/knem/include -I/usr/local/gdrcopy/include -I/usr/local/pmix/include -I/usr/local/knem/include -I/usr/local/gdrcopy/include -I. -I. -internal-isystem /usr/bin/../lib/gcc/x86_64-linux-gnu/13/../../../../include/c++/13 -internal-isystem /usr/bin/../lib/gcc/x86_64-linux-gnu/13/../../../../include/x86_64-linux-gnu/c++/13 -internal-isystem /usr/bin/../lib/gcc/x86_64-linux-gnu/13/../../../../include/c++/13/backward -internal-isystem /usr/lib/llvm-14/lib/clang/14.0.0/include -internal-isystem /usr/local/include -internal-isystem /usr/bin/../lib/gcc/x86_64-linux-gnu/13/../../../../x86_64-linux-gnu/include -internal-externc-isystem /usr/include/x86_64-linux-gnu -internal-externc-isystem /include -internal-externc-isystem /usr/include -O2 -fdeprecated-macro -fdebug-compilation-dir=/home/y.basova/parallelki/sem2/build/CMakeFiles/CMakeTmp -ferror-limit 19 -fgnuc-version=4.2.1 -fcxx-exceptions -fexceptions -vectorize-loops -vectorize-slp -faddrsig -D__GCC_HAVE_DWARF2_CFI_ASM=1 -o CMakeFiles/cmTC_1ea7f.dir/CMakeCXXCompilerABI.cpp.o -x c++ /usr/share/cmake-3.22/Modules/CMakeCXXCompilerABI.cpp]
  ignore line: [clang -cc1 version 14.0.0 based upon LLVM 14.0.0 default target x86_64-pc-linux-gnu]
  ignore line: [ignoring nonexistent directory "/usr/bin/../lib/gcc/x86_64-linux-gnu/13/../../../../x86_64-linux-gnu/include"]
  ignore line: [ignoring nonexistent directory "/include"]
  ignore line: [ignoring duplicate directory "/usr/local/pmix/include"]
  ignore line: [ignoring duplicate directory "/usr/local/knem/include"]
  ignore line: [ignoring duplicate directory "/usr/local/gdrcopy/include"]
  ignore line: [ignoring duplicate directory "/usr/local/pmix/include"]
  ignore line: [ignoring duplicate directory "/usr/local/knem/include"]
  ignore line: [ignoring duplicate directory "/usr/local/gdrcopy/include"]
  ignore line: [ignoring duplicate directory "/usr/local/pmix/include"]
  ignore line: [ignoring duplicate directory "/usr/local/knem/include"]
  ignore line: [ignoring duplicate directory "/usr/local/gdrcopy/include"]
  ignore line: [ignoring duplicate directory "."]
  ignore line: [#include "..." search starts here:]
  ignore line: [#include <...> search starts here:]
  ignore line: [ /opt/nvidia/hpc_sdk/Linux_x86_64/23.11/compilers/extras/qd/include/qd]
  ignore line: [ /opt/nvidia/hpc_sdk/Linux_x86_64/23.11/comm_libs/nvshmem/include]
  ignore line: [ /opt/nvidia/hpc_sdk/Linux_x86_64/23.11/comm_libs/nccl/include]
  ignore line: [ /opt/nvidia/hpc_sdk/Linux_x86_64/23.11/math_libs/include]
  ignore line: [ /usr/local/pmix/include]
  ignore line: [ /usr/local/knem/include]
  ignore line: [ /usr/local/gdrcopy/include]
  ignore line: [ .]
  ignore line: [ /usr/bin/../lib/gcc/x86_64-linux-gnu/13/../../../../include/c++/13]
  ignore line: [ /usr/bin/../lib/gcc/x86_64-linux-gnu/13/../../../../include/x86_64-linux-gnu/c++/13]
  ignore line: [ /usr/bin/../lib/gcc/x86_64-linux-gnu/13/../../../../include/c++/13/backward]
  ignore line: [ /usr/lib/llvm-14/lib/clang/14.0.0/include]
  ignore line: [ /usr/local/include]
  ignore line: [ /usr/include/x86_64-linux-gnu]
  ignore line: [ /usr/include]
  ignore line: [End of search list.]
  ignore line: [Linking CXX executable cmTC_1ea7f]
  ignore line: [/usr/bin/cmake -E cmake_link_script CMakeFiles/cmTC_1ea7f.dir/link.txt --verbose=1]
  ignore line: [/usr/bin/clang++ -O2   -v CMakeFiles/cmTC_1ea7f.dir/CMakeCXXCompilerABI.cpp.o -o cmTC_1ea7f ]
  ignore line: [Ubuntu clang version 14.0.0-1ubuntu1.1]
  ignore line: [Target: x86_64-pc-linux-gnu]
  ignore line: [Thread model: posix]
  ignore line: [InstalledDir: /usr/bin]
  ignore line: [Found candidate GCC installation: /usr/bin/../lib/gcc/x86_64-linux-gnu/11]
  ignore line: [Found candidate GCC installation: /usr/bin/../lib/gcc/x86_64-linux-gnu/13]
  ignore line: [Selected GCC installation: /usr/bin/../lib/gcc/x86_64-linux-gnu/13]
  ignore line: [Candidate multilib: .]
  ignore line: [@m64]
  ignore line: [Selected multilib: .]
  ignore line: [@m64]
  ignore line: [Found CUDA installation: /opt/nvidia/hpc_sdk/Linux_x86_64/23.11/cuda/12.3  version ]
  link line: [ "/usr/bin/ld" -pie -z relro --hash-style=gnu --build-id --eh-frame-hdr -m elf_x86_64 -dynamic-linker /lib64/ld-linux-x86-64.so.2 -o cmTC_1ea7f /lib/x86_64-linux-gnu/Scrt1.o /lib/x86_64-linux-gnu/crti.o /usr/bin/../lib/gcc/x86_64-linux-gnu/13/crtbeginS.o -L/usr/bin/../lib/gcc/x86_64-linux-gnu/13 -L/usr/bin/../lib/gcc/x86_64-linux-gnu/13/../../../../lib64 -L/lib/x86_64-linux-gnu -L/lib/../lib64 -L/usr/lib/x86_64-linux-gnu -L/usr/lib/../lib64 -L/usr/lib/llvm-14/bin/../lib -L/lib -L/usr/lib -L/usr/local/gdrcopy/lib64 -L/usr/local/gdrcopy/lib64 -L/usr/local/gdrcopy/lib64 -L/usr/local/gdrcopy/lib64 -L. CMakeFiles/cmTC_1ea7f.dir/CMakeCXXCompilerABI.cpp.o -lstdc++ -lm -lgcc_s -lgcc -lc -lgcc_s -lgcc /usr/bin/../lib/gcc/x86_64-linux-gnu/13/crtendS.o /lib/x86_64-linux-gnu/crtn.o]
    arg [/usr/bin/ld] ==> ignore
    arg [-pie] ==> ignore
    arg [-zrelro] ==> ignore
    arg [--hash-style=gnu] ==> ignore
    arg [--build-id] ==> ignore
    arg [--eh-frame-hdr] ==> ignore
    arg [-m] ==> ignore
    arg [elf_x86_64] ==> ignore
    arg [-dynamic-linker] ==> ignore
    arg [/lib64/ld-linux-x86-64.so.2] ==> ignore
    arg [-o] ==> ignore
    arg [cmTC_1ea7f] ==> ignore
    arg [/lib/x86_64-linux-gnu/Scrt1.o] ==> obj [/lib/x86_64-linux-gnu/Scrt1.o]
    arg [/lib/x86_64-linux-gnu/crti.o] ==> obj [/lib/x86_64-linux-gnu/crti.o]
    arg [/usr/bin/../lib/gcc/x86_64-linux-gnu/13/crtbeginS.o] ==> obj [/usr/bin/../lib/gcc/x86_64-linux-gnu/13/crtbeginS.o]
    arg [-L/usr/bin/../lib/gcc/x86_64-linux-gnu/13] ==> dir [/usr/bin/../lib/gcc/x86_64-linux-gnu/13]
    arg [-L/usr/bin/../lib/gcc/x86_64-linux-gnu/13/../../../../lib64] ==> dir [/usr/bin/../lib/gcc/x86_64-linux-gnu/13/../../../../lib64]
    arg [-L/lib/x86_64-linux-gnu] ==> dir [/lib/x86_64-linux-gnu]
    arg [-L/lib/../lib64] ==> dir [/lib/../lib64]
    arg [-L/usr/lib/x86_64-linux-gnu] ==> dir [/usr/lib/x86_64-linux-gnu]
    arg [-L/usr/lib/../lib64] ==> dir [/usr/lib/../lib64]
    arg [-L/usr/lib/llvm-14/bin/../lib] ==> dir [/usr/lib/llvm-14/bin/../lib]
    arg [-L/lib] ==> dir [/lib]
    arg [-L/usr/lib] ==> dir [/usr/lib]
    arg [-L/usr/local/gdrcopy/lib64] ==> dir [/usr/local/gdrcopy/lib64]
    arg [-L/usr/local/gdrcopy/lib64] ==> dir [/usr/local/gdrcopy/lib64]
    arg [-L/usr/local/gdrcopy/lib64] ==> dir [/usr/local/gdrcopy/lib64]
    arg [-L/usr/local/gdrcopy/lib64] ==> dir [/usr/local/gdrcopy/lib64]
    arg [-L.] ==> ignore
    arg [CMakeFiles/cmTC_1ea7f.dir/CMakeCXXCompilerABI.cpp.o] ==> ignore
    arg [-lstdc++] ==> lib [stdc++]
    arg [-lm] ==> lib [m]
    arg [-lgcc_s] ==> lib [gcc_s]
    arg [-lgcc] ==> lib [gcc]
    arg [-lc] ==> lib [c]
    arg [-lgcc_s] ==> lib [gcc_s]
    arg [-lgcc] ==> lib [gcc]
    arg [/usr/bin/../lib/gcc/x86_64-linux-gnu/13/crtendS.o] ==> obj [/usr/bin/../lib/gcc/x86_64-linux-gnu/13/crtendS.o]
    arg [/lib/x86_64-linux-gnu/crtn.o] ==> obj [/lib/x86_64-linux-gnu/crtn.o]
  collapse obj [/usr/bin/../lib/gcc/x86_64-linux-gnu/13/crtbeginS.o] ==> [/usr/lib/gcc/x86_64-linux-gnu/13/crtbeginS.o]
  collapse obj [/usr/bin/../lib/gcc/x86_64-linux-gnu/13/crtendS.o] ==> [/usr/lib/gcc/x86_64-linux-gnu/13/crtendS.o]
  collapse library dir [/usr/bin/../lib/gcc/x86_64-linux-gnu/13] ==> [/usr/lib/gcc/x86_64-linux-gnu/13]
  collapse library dir [/usr/bin/../lib/gcc/x86_64-linux-gnu/13/../../../../lib64] ==> [/usr/lib64]
  collapse library dir [/lib/x86_64-linux-gnu] ==> [/lib/x86_64-linux-gnu]
  collapse library dir [/lib/../lib64] ==> [/lib64]
  collapse library dir [/usr/lib/x86_64-linux-gnu] ==> [/usr/lib/x86_64-linux-gnu]
  collapse library dir [/usr/lib/../lib64] ==> [/usr/lib64]
  collapse library dir [/usr/lib/llvm-14/bin/../lib] ==> [/usr/lib/llvm-14/lib]
  collapse library dir [/lib] ==> [/lib]
  collapse library dir [/usr/lib] ==> [/usr/lib]
  collapse library dir [/usr/local/gdrcopy/lib64] ==> [/usr/local/gdrcopy/lib64]
  collapse library dir [/usr/local/gdrcopy/lib64] ==> [/usr/local/gdrcopy/lib64]
  collapse library dir [/usr/local/gdrcopy/lib64] ==> [/usr/local/gdrcopy/lib64]
  collapse library dir [/usr/local/gdrcopy/lib64] ==> [/usr/local/gdrcopy/lib64]
  implicit libs: [stdc++;m;gcc_s;gcc;c;gcc_s;gcc]
  implicit objs: [/lib/x86_64-linux-gnu/Scrt1.o;/lib/x86_64-linux-gnu/crti.o;/usr/lib/gcc/x86_64-linux-gnu/13/crtbeginS.o;/usr/lib/gcc/x86_64-linux-gnu/13/crtendS.o;/lib/x86_64-linux-gnu/crtn.o]
  implicit dirs: [/usr/lib/gcc/x86_64-linux-gnu/13;/usr/lib64;/lib/x86_64-linux-gnu;/lib64;/usr/lib/x86_64-linux-gnu;/usr/lib/llvm-14/lib;/lib;/usr/lib;/usr/local/gdrcopy/lib64]
  implicit fwks: []


